{"level":"error","message":"Product not found!","metadata":{"status":404},"timestamp":"2024-09-26T15:39:36.455Z"}
{"level":"error","message":"req.headers is not a function","metadata":{},"timestamp":"2024-09-27T06:22:22.219Z"}
{"level":"error","message":"req.headers is not a function","metadata":{},"timestamp":"2024-09-27T06:22:22.315Z"}
{"level":"error","message":"req.headers is not a function","metadata":{},"timestamp":"2024-09-27T06:22:26.921Z"}
{"level":"error","message":"req.headers is not a function","metadata":{},"timestamp":"2024-09-27T06:22:45.909Z"}
{"level":"error","message":"data is not defined","metadata":{},"timestamp":"2024-09-30T12:52:44.870Z"}
{"level":"error","message":"data is not defined","metadata":{},"timestamp":"2024-09-30T12:52:45.595Z"}
{"level":"error","message":"data is not defined","metadata":{},"timestamp":"2024-09-30T12:54:08.970Z"}
{"level":"error","message":"data is not defined","metadata":{},"timestamp":"2024-09-30T12:57:28.481Z"}
{"level":"error","message":"data is not defined","metadata":{},"timestamp":"2024-09-30T12:57:29.449Z"}
{"level":"error","message":"data is not defined","metadata":{},"timestamp":"2024-09-30T12:57:30.148Z"}
{"level":"error","message":"data is not defined","metadata":{},"timestamp":"2024-09-30T12:57:30.598Z"}
{"level":"error","message":"data is not defined","metadata":{},"timestamp":"2024-09-30T12:57:30.757Z"}
{"level":"error","message":"data is not defined","metadata":{},"timestamp":"2024-09-30T12:57:30.924Z"}
{"level":"error","message":"data is not defined","metadata":{},"timestamp":"2024-09-30T12:57:31.365Z"}
{"level":"error","message":"data is not defined","metadata":{},"timestamp":"2024-09-30T12:57:31.831Z"}
{"level":"error","message":"data is not defined","metadata":{},"timestamp":"2024-09-30T12:57:32.267Z"}
{"level":"error","message":"data is not defined","metadata":{},"timestamp":"2024-09-30T12:57:32.997Z"}
{"level":"error","message":"data is not defined","metadata":{},"timestamp":"2024-09-30T12:58:57.718Z"}
{"level":"error","message":"data is not defined","metadata":{},"timestamp":"2024-09-30T12:59:30.330Z"}
{"level":"error","message":"Cannot read properties of null (reading 'useRef')","metadata":{},"timestamp":"2024-09-30T13:21:37.764Z"}
{"level":"error","message":"Cannot read properties of null (reading 'useRef')","metadata":{},"timestamp":"2024-09-30T13:33:15.759Z"}
{"level":"error","message":"Cannot read properties of null (reading 'useRef')","metadata":{},"timestamp":"2024-09-30T13:34:53.891Z"}
{"level":"error","message":"Cannot read properties of null (reading 'useRef')","metadata":{},"timestamp":"2024-09-30T13:35:57.812Z"}
{"level":"error","message":"Cannot read properties of null (reading 'useRef')","metadata":{},"timestamp":"2024-09-30T13:40:36.940Z"}
{"level":"error","message":"Cannot read properties of null (reading 'useRef')","metadata":{},"timestamp":"2024-09-30T13:40:38.085Z"}
{"level":"error","message":"Cannot read properties of null (reading 'useRef')","metadata":{},"timestamp":"2024-09-30T13:40:38.953Z"}
{"level":"error","message":"Cannot read properties of null (reading 'useRef')","metadata":{},"timestamp":"2024-09-30T13:40:39.506Z"}
{"level":"error","message":"Cannot read properties of null (reading 'useRef')","metadata":{},"timestamp":"2024-09-30T13:41:37.972Z"}
{"level":"error","message":"Cannot read properties of null (reading 'useRef')","metadata":{},"timestamp":"2024-09-30T13:43:23.619Z"}
{"level":"error","message":"Cannot read properties of null (reading 'useRef')","metadata":{},"timestamp":"2024-09-30T13:49:37.771Z"}
{"level":"error","message":"Cannot read properties of null (reading 'useRef')","metadata":{},"timestamp":"2024-09-30T13:51:31.206Z"}
{"level":"error","message":"Cannot read properties of null (reading 'useState')","metadata":{},"timestamp":"2024-09-30T14:07:39.152Z"}
